=> s635 ## Movie ## 101 Dalmatians ## Wolfgang Reitherman, Hamilton Luske, Clyde Geronimi ## [Ben Wright, Betty Gerson, Cate Bauer, Fred Worlock, J. Pat O'Malley, Rod Taylor] ## United States ## November 12, 2019 ## 1961 ## G ## 81 min ## [Action-Adventure, Animation, Family] ## 
=> s641 ## Movie ## A Goofy Movie ## Kevin Lima ## [Bill Farmer, Jason Marsden, Jim Cummings, Kellie Martin, Rob Paulsen, Wallace Shawn] ## United States, Australia, France, Canada ## November 12, 2019 ## 1995 ## G ## 81 min ## [Action-Adventure, Animation, Comedy] ## 
=> s493 ## Movie ## A Tale of Two Critters ## Jack Speirs ## [Mayf Nutter] ## United States ## April 3, 2020 ## 1977 ## G ## 48 min ## [Animals & Nature, Family] ## 
=> s647 ## Movie ## Aladdin: The Return of Jafar ## Toby Shelton, Tad Stones, Alan Zaslove ## [Dan Castellaneta, Jason Alexander, Jeff Bennett, Jim Cummings, Liz Callaway, Val Bettin] ## United States ## November 12, 2019 ## 1994 ## G ## 71 min ## [Action-Adventure, Animation, Family] ## 
=> s649 ## Movie ## Aliens of the Deep ## James Cameron, Steven Quale ## [Dr. Anatoly Sagalevitch, Dr. Arthur Lane, Dr. Jim Childress, Dr. Pamela Conrad, Genya Chernaiev, Victor Nischeta] ## United States ## November 12, 2019 ## 2005 ## G ## 100 min ## [Action-Adventure, Animals & Nature, Documentary] ## 
=> s651 ## Movie ## Almost Angels ## Steve Previn ## [Bruni Löbel, Fritz Eckhardt, Hans Holt, Peter Weck, Sean Scully, Vincent Winter] ## United States ## November 12, 2019 ## 1962 ## TV-PG ## 90 min ## [Coming of Age, Drama, Family] ## 
=> s656 ## Movie ## Annie ## Rob Marshall ## [Alan Cumming, Audra McDonald, Kathy Bates, Kristin Chenoweth, Vic Polizos, Victor Garber] ## United States ## November 12, 2019 ## 1999 ## TV-PG ## 91 min ## [Drama, Family, Musical] ## 
=> s662 ## Movie ## Avatar ## James Cameron ## [Giovanni Ribisi, Michelle Rodriguez, Sam Worthington, Sigourney Weaver, Stephen Lang, Zoë Saldana] ## United States ## November 12, 2019 ## 2009 ## PG-13 ## 162 min ## [Action-Adventure, Science Fiction] ## 
=> s666 ## Movie ## Bambi II ## Brian Pimental ## [Alexander Gould, Andrea Bowen, Brendon Baerg, Keith Ferguson, Nicky Jones, Patrick Stewart] ## United States ## November 12, 2019 ## 2006 ## G ## 75 min ## [Animation, Drama, Kids] ## 
=> s671 ## Movie ## Beauty and the Beast: The Enchanted Christmas ## Andy Knight ## [Bernadette Peters, David Stiers, Jerry Orbach, Paige O'Hara, Robby Benson, Tim Curry] ## Canada, United States ## November 12, 2019 ## 1997 ## G ## 73 min ## [Animation, Family, Fantasy] ## 
=> s674 ## Movie ## Benji the Hunted ## Joe Camp ## [Frank Inn, Joe Camp, Mike Francis, Nancy Francis, Red Steagall, Steve Zanolini] ## United States ## November 12, 2019 ## 1987 ## G ## 89 min ## [Action-Adventure, Animals & Nature, Family] ## 
=> s239 ## Movie ## Big Sharks Rule ## NaN ## [Lance Lewman] ## NaN ## January 1, 2021 ## 2018 ## TV-14 ## 45 min ## [Animals & Nature, Documentary] ## 
=> s1358 ## Movie ## Blackbeard's Ghost ## Robert Stevenson ## [Dean Jones, Elliott Reid, Elsa Lanchester, Joby Baker, Peter Ustinov, Suzanne Pleshette] ## United States ## October 1, 2019 ## 1968 ## G ## 107 min ## [Comedy, Family, Fantasy] ## 
=> s681 ## Movie ## Boat Builders ## Ben Sharpsteen ## [] ## United States ## November 12, 2019 ## 1938 ## TV-G ## 8 min ## [Animation, Comedy, Family] ## 
=> s682 ## Movie ## Bolt ## Chris Williams, Byron Howard ## [James Lipton, John Travolta, Malcolm McDowell, Mark Walton, Miley Cyrus, Susie Essman] ## United States ## November 12, 2019 ## 2008 ## PG ## 98 min ## [Action-Adventure, Animation, Comedy] ## 
=> s478 ## Movie ## Born Wild: The Next Generation ## Liliana Olszewski ## [Robin Roberts] ## United States ## April 28, 2020 ## 2020 ## TV-PG ## 44 min ## [Animals & Nature, Documentary] ## 
=> s698 ## Movie ## Camp Rock ## Matthew Diamond ## [Alyson Stoner, Demi Lovato, Joe Jonas, Julie Brown, Maria Canals-Barrera, Meaghan Martin] ## United States ## November 12, 2019 ## 2008 ## TV-G ## 96 min ## [Coming of Age, Music, Musical] ## 
=> s700 ## Movie ## Can of Worms ## Paul Schneider ## [Adam Wylie, Andrew Ducote, Brighton Hertford, Erika Christensen, Lee Garlington, Michael Shulman] ## United States, Canada ## November 12, 2019 ## 1999 ## TV-PG ## 84 min ## [Comedy, Coming of Age, Science Fiction] ## 
=> s701 ## Movie ## Candleshoe ## Norman Tokar ## [David Niven, Helen Hayes, Jodie Foster, Leo McKern, Veronica Quilligan, Vivian Pickles] ## United Kingdom, United States ## November 12, 2019 ## 1978 ## G ## 101 min ## [Comedy, Coming of Age, Crime] ## 
=> s705 ## Movie ## Cars 3 ## Brian Fee ## [Armie Hammer, Chris Cooper, Cristela Alonzo, Larry the Cable Guy, Nathan Fillion, Owen Wilson] ## United States ## November 12, 2019 ## 2017 ## G ## 103 min ## [Animation, Comedy, Family] ## 
=> s707 ## Movie ## Cars Toon: Heavy Metal Mater ## John Lasseter ## [Keith Ferguson, Larry the Cable Guy] ## United States ## November 12, 2019 ## 2010 ## TV-G ## 5 min ## [Animation, Comedy, Family] ## 
=> s580 ## Movie ## Cars Toon: Tokyo Mater ## John Lasseter ## [Keith Ferguson, Larry the Cable Guy, Mach Kobayashi, Michael Wallis, Robert Ito] ## United States ## January 1, 2020 ## 2008 ## G ## 8 min ## [Animation, Comedy, Family] ## 
=> s433 ## Movie ## Chasing the Equinox ## Kenny Scott ## [Stefan Frank] ## NaN ## June 5, 2020 ## 2019 ## TV-PG ## 45 min ## [Documentary] ## 
=> s714 ## Movie ## Cheetah ## Jeff Blyth ## [Breon Gorman, Collin Mothupi, Ka Vundla, Keith Coogan, Lucy Deakins, Timothy Landfield] ## United States ## November 12, 2019 ## 1989 ## G ## 84 min ## [Action-Adventure, Animals & Nature, Family] ## 
=> s715 ## Movie ## Chef Donald ## Jack King ## [] ## United States ## November 12, 2019 ## 1941 ## TV-G ## 8 min ## [Animation, Comedy, Family] ## 
=> s718 ## Movie ## Chip an' Dale ## Jack Hannah ## [] ## United States ## November 12, 2019 ## 1947 ## TV-G ## 7 min ## [Animation, Comedy, Family] ## 
=> s724 ## Movie ## College Road Trip ## Roger Kumble ## [Brenda Song, Donny Osmond, Eshaya Draper, Martin Lawrence, Raven-Symoné, Will Sasso] ## United States ## November 12, 2019 ## 2008 ## G ## 84 min ## [Comedy, Coming of Age, Family] ## 
=> s554 ## Movie ## Descendants 3 ## Kenny Ortega ## [Booboo Stewart, Cameron Boyce, Dove Cameron, Mitchell Hope, Sarah Jefferey, Sofia Carson] ## United States ## February 2, 2020 ## 2019 ## TV-G ## 109 min ## [Coming of Age, Fantasy, Musical] ## 
=> s404 ## Movie ## Diary of a Wimpy Kid: Rodrick Rules ## David Bowers ## [Devon Bostick, Rachael Harris, Robert Capron, Steve Zahn, Zachary Gordon] ## United States ## July 3, 2020 ## 2011 ## PG ## 100 min ## [Comedy, Family] ## 
=> s741 ## Movie ## Disney Adventures in Babysitting ## John Schultz ## [Jet Jurgensmeyer, Mallory Mahoney, Max Gecowets, Nikki Hahn, Sabrina Carpenter, Sofia Carson] ## United States ## November 12, 2019 ## 2016 ## TV-G ## 95 min ## [Action-Adventure, Comedy, Coming of Age] ## 
=> s743 ## Movie ## Disney Bad Hair Day ## Érik Canuel ## [Alain Goulem, Christian Campbell, Christian Paul, Kiana Madeira, Laura Marano, Leigh-Allyn Baker] ## Canada ## November 12, 2019 ## 2015 ## TV-G ## 93 min ## [Buddy, Comedy, Coming of Age] ## 
=> s296 ## Movie ## Disney Channel Halloween House Party ## Trevor Moore ## [Isaac Ryan Brown, Kylie Cantrall, Raphael Alejandro, Scarlett Estevez, Suzi Barrett, Tobie Windham] ## United States ## October 30, 2020 ## 2020 ## TV-G ## 23 min ## [Comedy, Variety] ## 
=> s257 ## Movie ## Disney Channel's Epic Holiday Showdown ## NaN ## [] ## United States ## December 11, 2020 ## 2020 ## TV-G ## 50 min ## [Fantasy, Variety] ## 
=> s745 ## Movie ## Disney Den Brother ## Mark Taylor ## [David Lambert, Debra Mooney, G. Hannelius, Hutch Dano, Kelsy Chow, Maurice Godin] ## United States ## November 12, 2019 ## 2010 ## TV-G ## 90 min ## [Comedy, Coming of Age] ## 
=> s746 ## Movie ## Disney Descendants ## Kenny Ortega ## [Booboo Stewart, Cameron Boyce, Dove Cameron, Melanie Paxson, Mitchell Hope, Sofia Carson] ## United States ## November 12, 2019 ## 2015 ## TV-G ## 114 min ## [Coming of Age, Fantasy, Musical] ## 
=> s752 ## Movie ## Disney Girl vs. Monster ## Stuart Gillard ## [Adam Chambers, Brendan Meyer, Katherine McNamara, Kerris Dorsey, Olivia Holt, Tracy Dawson] ## United States, Canada ## November 12, 2019 ## 2012 ## TV-PG ## 90 min ## [Action-Adventure, Comedy, Fantasy] ## 
=> s154 ## Movie ## Disney My Music Story SUKIMASWITCH ## Kentaro Takayanagi ## [Shintaro Tokita, Takuya Ohashi] ## NaN ## April 30, 2021 ## 2020 ## TV-PG ## 81 min ## [Biographical, Documentary, Music] ## 
=> s538 ## Movie ## Disney Phineas and Ferb: Phineas and Ferb Star Wars ## NaN ## [Ashley Tisdale, Caroline Rhea, Dan Povenmire, Richard O'Brien, Thomas Brodie-Sangster, Vincent Martella] ## United States ## February 28, 2020 ## 2014 ## TV-G ## 53 min ## [Action-Adventure, Animation, Musical] ## 
=> s32 ## Movie ## Disney Princess Remixed - An Ultimate Princess Celebration ## Napoleon Dumo ## [Dara Reneé, Frankie Rodriguez, Julia Lester, Natalie Peyser, Ruth Righi, Txunamy Oriz] ## NaN ## August 27, 2021 ## 2021 ## TV-G ## 22 min ## [Family, Music, Variety] ## 
=> s498 ## Movie ## Don's Fountain of Youth ## Jack Hannah ## [] ## United States ## April 3, 2020 ## 1953 ## TV-G ## 6 min ## [Animation, Family] ## 
=> s251 ## Movie ## Dory's Reef Cam ## Michal Makarewicz ## [] ## United States ## December 18, 2020 ## 2020 ## TV-G ## 182 min ## [Animation, Family] ## 
=> s585 ## Movie ## Drain The Bermuda Triangle ## Jobim Sampson ## [Russell Boulter] ## United States ## January 1, 2020 ## 2014 ## TV-PG ## 45 min ## [Documentary] ## 
=> s795 ## Movie ## DuckTales The Movie: Treasure of the Lost Lamp ## Bob Hathcock ## [Alan Young, Christopher Lloyd, June Foray, Richard Libertini, Russi Taylor, Terence McGovern] ## France, United States ## November 12, 2019 ## 1990 ## G ## 75 min ## [Action-Adventure, Animation, Comedy] ## 
=> s801 ## Movie ## Eddie's Million Dollar Cook-off ## Paul Hoen ## [Kylie Leydon, Mark Taylor, Orlando Brown, Reiley McClendon, Rose McIver, Taylor Ball] ## United States ## November 12, 2019 ## 2003 ## TV-G ## 86 min ## [Comedy, Coming of Age, Sports] ## 
=> s332 ## Movie ## Ever After: A Cinderella Story ## Andy Tennant ## [Anjelica Huston, Dougray Scott, Drew Barrymore, Megan Dodds, Melanie Lynskey, Patrick Godfrey] ## United States ## September 18, 2020 ## 1998 ## PG-13 ## 122 min ## [Drama, Romance] ## 
=> s223 ## Movie ## Expedition Everest ## Katie Bauer Murdock ## [Tate Donovan] ## United States ## February 5, 2021 ## 2020 ## TV-PG ## 45 min ## [Animals & Nature, Documentary] ## 
=> s815 ## Movie ## Finding Dory ## Andrew Stanton, Angus MacLane ## [Albert Brooks, Ed O'Neill, Ellen DeGeneres, Hayden Rolence, Kaitlin Olson, Ty Burrell] ## United States ## November 12, 2019 ## 2016 ## PG ## 98 min ## [Action-Adventure, Animation, Comedy] ## 
=> s817 ## Movie ## First Kid ## David Evans ## [Art Fleur, Brock Pierce, James Naughton, Robert Guillaume, Sinbad, Timothy Busfield] ## United States ## November 12, 2019 ## 1996 ## PG ## 102 min ## [Buddy, Comedy, Coming of Age] ## 
=> s85 ## Movie ## Flicka ## Michael Mayer ## [Alison Lohman, Dallas Roberts, Danny Pino, Maria Bello, Ryan Kwanten, Tim McGraw] ## United States, United Kingdom ## July 9, 2021 ## 2006 ## PG ## 95 min ## [Animals & Nature, Coming of Age, Drama] ## 
=> s10 ## Movie ## Flooded Tombs of the Nile ## Katie Bauer Murdock ## [Devin E. Haqq] ## NaN ## September 17, 2021 ## 2021 ## TV-PG ## 44 min ## [Documentary] ## 
=> s630 ## Movie ## Forky Asks a Question: What is Art? ## Bob Peterson ## [Bob Peterson, Robin Downes, Tony Hale] ## United States ## November 22, 2019 ## 2019 ## TV-G ## 7 min ## [Animation, Comedy, Family] ## 
=> s824 ## Movie ## Forky Asks a Question: What is Money? ## Bob Peterson ## [Bob Peterson, John Ratzenberger, Tony Hale] ## United States ## November 12, 2019 ## 2019 ## TV-G ## 6 min ## [Animation, Comedy, Family] ## 
=> s608 ## Movie ## Forky Asks a Question: What is a Computer? ## Bob Peterson ## [Bob Peterson, James Brinkley, Kristen Schaal, Tony Hale] ## United States ## December 13, 2019 ## 2019 ## TV-G ## 6 min ## [Animation, Comedy, Family] ## 
=> s603 ## Movie ## Forky Asks a Question: What is a Leader? ## Bob Peterson ## [Bob Peterson, Bonnie Hunt, Tony Hale] ## United States ## December 20, 2019 ## 2019 ## TV-G ## 6 min ## [Animation, Comedy, Family] ## 
=> s520 ## Movie ## Frankenweenie ## Tim Burton ## [Atticus Shaffer, Catherine O'Hara, Charlie Tahan, Martin Landau, Martin Short, Winona Ryder] ## United States ## April 1, 2020 ## 2012 ## PG ## 88 min ## [Animation, Drama, Parody] ## 
=> s826 ## Movie ## Frankenweenie (Short) ## Tim Burton ## [Barret Oliver, Daniel Stern, Shelley Duvall] ## United States ## November 12, 2019 ## 1984 ## PG ## 27 min ## [Drama, Parody, Science Fiction] ## 
=> s272 ## Movie ## From Our Family to Yours ## Angela Affinita ## [] ## United Kingdom ## November 27, 2020 ## 2020 ## TV-G ## 3 min ## [Animation, Family] ## 
=> s531 ## Movie ## Frozen 2 ## Chris Buck, Jennifer Lee ## [Evan Wood, Idina Menzel, Jonathan Groff, Josh Gad, Kristen Bell, Sterling Brown] ## United States ## March 14, 2020 ## 2019 ## PG ## 107 min ## [Action-Adventure, Animation, Family] ## 
=> s832 ## Movie ## Fun and Fancy Free ## Jack Kinney, W. Roberts, Hamilton Luske ## [Clarence Nash, Cliff Edwards, Dinah Shore, Edgar Bergen, Luana Patten, Mickey Mouse] ## United States ## November 12, 2019 ## 1947 ## G ## 74 min ## [Action-Adventure, Animation, Comedy] ## 
=> s833 ## Movie ## Fuzzbucket ## Mick Garris ## [Chris Hebert, Joe Regalbuto, John Vernon, Phil Fondacaro, Robyn Lively, Wendy Phillips] ## United States ## November 12, 2019 ## 1986 ## TV-G ## 46 min ## [Buddy, Comedy, Coming of Age] ## 
=> s847 ## Movie ## Gotta Kick it Up ## Ramon Menendez ## [America Ferrera, Camille Guaty, Jhoanna Flores, Miguel Sandoval, Sabrina Wiener, Suilma Rodriguez] ## United States ## November 12, 2019 ## 2002 ## TV-G ## 85 min ## [Coming of Age, Dance, Drama] ## 
=> s128 ## Movie ## Growing Fangs ## Ann Marie Pace ## [Cristela Alonzo, Gilberto Ortiz, Grace Song, Keyla Monterroso Mejia, Olivia Sullivent, Sean Burgos] ## NaN ## May 28, 2021 ## 2021 ## TV-PG ## 20 min ## [Coming of Age, Fantasy] ## 
=> s855 ## Movie ## Halloweentown II: Kalabar's Revenge ## Mary Lambert ## [Daniel Kountz, Emily Roeske, Joseph Zimmerman, Judith Hoag, Kimberly Brown, Phillip Van Dyke] ## United States ## November 12, 2019 ## 2001 ## TV-PG ## 81 min ## [Action-Adventure, Fantasy] ## 
=> s860 ## Movie ## Hatching Pete ## Stuart Gillard ## [Amy Farrington, Jason Dolley, Josie Loren, Mitchel Musso, Sean O'Bryan, Tiffany Thornton] ## United States ## November 12, 2019 ## 2009 ## TV-G ## 90 min ## [Comedy, Coming of Age] ## 
=> s869 ## Movie ## High School Musical 3: Senior Year ## Kenny Ortega ## [Ashley Tisdale, Corbin Bleu, Lucas Grabeel, Monique Coleman, Vanessa Hudgens, Zac Efron] ## United States ## November 12, 2019 ## 2008 ## G ## 121 min ## [Coming of Age, Family, Musical] ## 
=> s605 ## Movie ## High School Musical: The Musical: The Series: The Special ## Clayton Cogswell ## [Dara Renee, Joshua Bassett, Matt Cornett, Olivia Rodrigo, Sofia Wylie] ## United States ## December 20, 2019 ## 2019 ## TV-G ## 23 min ## [Coming of Age, Documentary, Drama] ## 
=> s284 ## Movie ## Home Alone ## Chris Columbus ## [Catherine O'Hara, Daniel Stern, Joe Pesci, John Heard, Macaulay Culkin, Roberts Blossom] ## United States ## November 13, 2020 ## 1990 ## PG ## 103 min ## [Comedy, Family] ## 
=> s285 ## Movie ## Home Alone 2: Lost in New York ## Chris Columbus ## [Catherine O'Hara, Daniel Stern, Devin Ratray, Joe Pesci, John Heard, Macaulay Culkin] ## United States ## November 13, 2020 ## 1992 ## PG ## 121 min ## [Comedy, Family] ## 
=> s876 ## Movie ## Horse Sense ## Greg Beeman ## [Andy Lawrence, Joey Lawrence, Leann Hunley, M.C. Gainey, Robin Thomas, Susan Walters] ## United States ## November 12, 2019 ## 1999 ## TV-G ## 92 min ## [Coming of Age, Drama] ## 
=> s880 ## Movie ## How to Build a Better Boy ## Paul Hoen ## [Ashley Argota, China McClain, Kelli Berglund, Matt Shively, Noah Centineo, Roger Bart] ## United States ## November 12, 2019 ## 2014 ## TV-G ## 94 min ## [Action-Adventure, Comedy, Science Fiction] ## 
=> s882 ## Movie ## How to Swim ## Jack Kinney ## [] ## United States ## November 12, 2019 ## 1942 ## TV-G ## 8 min ## [Animation, Family, Parody] ## 
=> s466 ## Movie ## In Beaver Valley ## James Algar ## [Winston Hibler] ## United States ## May 1, 2020 ## 1950 ## TV-PG ## 32 min ## [Animals & Nature, Documentary, Family] ## 
=> s888 ## Movie ## Inside Out ## Pete Docter ## [Amy Poehler, Bill Hader, Lewis Black, Mindy Kaling, Phyllis Smith, Richard Kind] ## United States ## November 12, 2019 ## 2015 ## PG ## 95 min ## [Animation, Coming of Age, Family] ## 
=> s891 ## Movie ## Into the Grand Canyon ## Pete McBride ## [] ## United States ## November 12, 2019 ## 2019 ## TV-PG ## 82 min ## [Action-Adventure, Animals & Nature, Documentary] ## 
=> s253 ## Movie ## Into the Woods ## Rob Marshall ## [Anna Kendrick, Chris Pine, Emily Blunt, James Corden, Meryl Streep, Tracey Ullman] ## United States ## December 18, 2020 ## 2014 ## PG ## 126 min ## [Action-Adventure, Fantasy, Musical] ## 
=> s231 ## Movie ## Isle of Dogs ## Wes Anderson ## [Bill Murray, Bob Balaban, Bryan Cranston, Edward Norton, Jeff Goldblum, Koyu Rankin] ## United States, Germany, United Kingdom ## January 15, 2021 ## 2018 ## PG-13 ## 102 min ## [Action-Adventure, Animation, Comedy] ## 
=> s899 ## Movie ## Jack-Jack Attack ## Brad Bird ## [Bret Parker, Bud Luckey, Eli Fucile, Jason Lee] ## United States ## November 12, 2019 ## 2005 ## G ## 6 min ## [Animation, Comedy, Family] ## 
=> s901 ## Movie ## Jane ## Brett Morgen ## [Jane Goodall] ## United States ## November 12, 2019 ## 2017 ## PG ## 90 min ## [Animals & Nature, Biographical, Documentary] ## 
=> s903 ## Movie ## Jingle Pols ## NaN ## [Dr. Pol] ## NaN ## November 12, 2019 ## 2013 ## TV-14 ## 45 min ## [Animals & Nature, Documentary, Medical] ## 
=> s906 ## Movie ## Jonas Brothers: The Concert Experience ## Bruce Hendricks ## [Big Feggans, Demi Lovato, Joe Jonas, Kevin Jonas, Nick Jonas, Taylor Swift] ## United States ## November 12, 2019 ## 2009 ## G ## 89 min ## [Concert Film, Documentary, Music] ## 
=> s912 ## Movie ## Jungle Cat ## James Algar ## [Winston Hibler] ## United States ## November 12, 2019 ## 1960 ## TV-PG ## 70 min ## [Animals & Nature, Documentary, Family] ## 
=> s51 ## Movie ## Killer Shark vs Killer Whale ## NaN ## [Edward Marcoux] ## NaN ## August 6, 2021 ## 2021 ## TV-14 ## 44 min ## [Animals & Nature, Documentary] ## 
=> s918 ## Movie ## Kingdom of the Blue Whale ## NaN ## [Tom Selleck] ## United States ## November 12, 2019 ## 2009 ## TV-PG ## 94 min ## [Animals & Nature, Documentary, Family] ## 
=> s936 ## Movie ## LEGO Star Wars: The New Yoda Chronicles – Duel of the Skywalkers ## Michael Hegner ## [Anthony Daniels, Kirby Morrow, Matt Sloan, Sam Vincent, Tom Kane, Trevor Devall] ## United States ## November 12, 2019 ## 2014 ## TV-Y7 ## 24 min ## [Action-Adventure, Animation, Comedy] ## 
=> s942 ## Movie ## Let it Shine ## Paul Hoen ## [Alex Désert, Brandon Smith, Coco Jones, Dawnn Lewis, Trevor Jackson, Tyler Williams] ## United States ## November 12, 2019 ## 2012 ## TV-G ## 103 min ## [Coming of Age, Drama, Music] ## 
=> s130 ## Movie ## Let's Be Tigers ## Stephanie Abel Horowitz ## [Dash McCloud, Greg Worswick, Mike Millan, Otmara Marrero] ## NaN ## May 28, 2021 ## 2021 ## PG ## 15 min ## [Drama] ## 
=> s943 ## Movie ## Life is Ruff ## Charles Haid ## [Carter Jenkins, Judith Moreland, Kay Panabaker, Kyle Massey, Mark Lawrence, Mitchel Musso] ## United States ## November 12, 2019 ## 2005 ## TV-G ## 85 min ## [Animals & Nature, Comedy, Coming of Age] ## 
=> s947 ## Movie ## Lilo & Stitch ## Christopher Sanders, Dean DeBlois ## [Christopher Sanders, Daveigh Chase, David Ogden Stiers, Kevin McDonald, Tia Carrere, Ving Rhames] ## United States ## November 12, 2019 ## 2002 ## TV-PG ## 86 min ## [Action-Adventure, Animation, Family] ## 
=> s948 ## Movie ## Lilo & Stitch 2: Stitch Has a Glitch ## Tony Leondis, Michael LaBash ## [Christopher Sanders, Dakota Fanning, David Stiers, Kevin McDonald, Kunewa Mook, Tia Carrere] ## United States ## November 12, 2019 ## 2005 ## PG ## 70 min ## [Animation, Comedy, Dance] ## 
=> s490 ## Movie ## Maggie Simpson in Playdate with Destiny ## David Silverman ## [] ## United States ## April 10, 2020 ## 2020 ## G ## 5 min ## [Animation, Comedy] ## 
=> s147 ## Movie ## Maggie Simpson in The Force Awakens from its Nap ## David Silverman ## [] ## NaN ## May 4, 2021 ## 2021 ## TV-PG ## 4 min ## [Animation, Comedy, Parody] ## 
=> s441 ## Movie ## Maggie Simpson in The Longest Daycare ## NaN ## [] ## United States ## May 29, 2020 ## 2012 ## PG ## 5 min ## [Animation, Comedy] ## 
=> s355 ## Movie ## Magic Camp ## Mark Waters ## [Adam DeVine, Cole Sand, Gillian Jacobs, Isabella Crovetti, Jeffrey Tambor, Nathaniel McIntyre] ## United States ## August 14, 2020 ## 2020 ## PG ## 101 min ## [Comedy, Family] ## 
=> s956 ## Movie ## Mail Dog ## Charles Nichols ## [] ## United States ## November 12, 2019 ## 1947 ## TV-G ## 7 min ## [Animation, Comedy, Family] ## 
=> s172 ## Movie ## Mark Twain and Me ## Daniel Petrie ## [Amy Stewart, Chris Wiggins, Fiona Reid, Jason Robards, R.H. Thomson, Talia Shire] ## Canada, United States ## April 9, 2021 ## 1991 ## TV-PG ## 93 min ## [Biographical, Coming of Age, Drama] ## 
=> s414 ## Movie ## Mars and Beyond ## Ward Kimball ## [Dr. E.C. Slipher, Dr. Ernst Stuhlinger, Dr. Wernher von Braun, Paul Frees, Walt Disney] ## United States ## June 26, 2020 ## 1957 ## TV-G ## 53 min ## [Animation, Documentary, Family] ## 
=> s348 ## Movie ## Mars: One Day on the Red Planet ## Martin Johnson ## [Nigel Barber] ## United States ## August 21, 2020 ## 2020 ## TV-PG ## 88 min ## [Documentary] ## 
=> s594 ## Movie ## Marvel Rising: Battle of The Bands ## NaN ## [Dee Baker, Dove Cameron, Kamil McFadden, Kathreen Khavari, Skai Jackson, Tyler Posey] ## United States ## January 1, 2020 ## 2019 ## TV-Y7 ## 23 min ## [Action-Adventure, Animation, Superhero] ## 
=> s620 ## Movie ## Marvel Rising: Chasing Ghosts ## NaN ## [Chloe Bennet, Dee Baker, Dove Cameron, Kamil McFadden, Kathreen Khavari, Skai Jackson] ## United States ## December 1, 2019 ## 2019 ## TV-Y7-FV ## 24 min ## [Action-Adventure, Animation, Superhero] ## 
=> s621 ## Movie ## Marvel Rising: Heart of Iron ## NaN ## [Chloe Bennet, Daisy Lightfoot, Dee Baker, Dove Cameron, Kathreen Khavari, Robbie Daymond] ## United States ## December 1, 2019 ## 2019 ## TV-Y7 ## 46 min ## [Action-Adventure, Animation, Coming of Age] ## 
=> s536 ## Movie ## Marvel Studios' Black Panther ## Ryan Coogler ## [Chadwick Boseman, Danai Gurira, Daniel Kaluuya, Lupita Nyong'o, Martin Freeman, Michael Jordan] ## United States ## March 4, 2020 ## 2018 ## PG-13 ## 137 min ## [Action-Adventure, Science Fiction, Superhero] ## 
=> s970 ## Movie ## Marvel Studios' Captain Marvel ## Anna Boden, Ryan Fleck ## [Ben Mendelsohn, Brie Larson, Djimon Hounsou, Lashana Lynch, Lee Pace, Samuel Jackson] ## United States, Australia ## November 12, 2019 ## 2019 ## PG-13 ## 126 min ## [Action-Adventure, Science Fiction, Superhero] ## 
=> s977 ## Movie ## Marvel Studios' The Avengers ## Joss Whedon ## [Chris Evans, Chris Hemsworth, Jeremy Renner, Mark Ruffalo, Robert Downey Jr., Scarlett Johansson] ## United States ## November 12, 2019 ## 2012 ## PG-13 ## 145 min ## [Action-Adventure, Fantasy, Science Fiction] ## 
=> s992 ## Movie ## Mater and the Ghostlight ## John Lasseter ## [Bonnie Hunt, Cheech Marin, Larry the Cable Guy, Michael Wallis, Owen Wilson, Paul Newman] ## United States ## November 12, 2019 ## 2006 ## TV-Y7 ## 8 min ## [Animation, Comedy, Family] ## 
=> s993 ## Movie ## Meet the Deedles ## Steve Boyum ## [A.J. Langer, John Ashton, Megan Cavanagh, Paul Walker, Robert Englund, Steve Wormer] ## United States ## November 12, 2019 ## 1998 ## PG ## 94 min ## [Buddy, Comedy] ## 
=> s994 ## Movie ## Meet the Robinsons ## Stephen Anderson ## [Angela Bassett, Daniel Hansen, Dara McGarry, John Ford, Jordan Fry, Matthew Josten] ## United States ## November 12, 2019 ## 2007 ## G ## 97 min ## [Action-Adventure, Animation, Family] ## 
=> s995 ## Movie ## Melody Time ## Clyde Geronimi, Jack Kinney, Hamilton Luske ## [Dennis Day, Fred Waring and His Pennsylvanians, Freddy Martin, Roy Rogers, The Andrews Sisters, Trigger] ## United States ## November 12, 2019 ## 1948 ## TV-PG ## 76 min ## [Animation, Anthology, Family] ## 
=> s1001 ## Movie ## Mickey's Christmas Carol ## Burny Mattinson ## [Alan Young, Eddy Carroll, Hal Smith, Patricia Parris, Wayne Allwine, Will Ryan] ## United States ## November 12, 2019 ## 1983 ## G ## 26 min ## [Animation, Comedy, Family] ## 
=> s1006 ## Movie ## Mickey's Twice Upon a Christmas ## Matthew O'Callaghan ## [Bill Farmer, Jeff Bennett, Jim Cummings, Tony Anselmo, Tress MacNeille, Wayne Allwine] ## United States ## November 12, 2019 ## 2004 ## G ## 70 min ## [Animation, Anthology, Comedy] ## 
=> s1008 ## Movie ## Mike's New Car ## Pete Docter, Roger Gould ## [Billy Crystal, John Goodman] ## United States ## November 12, 2019 ## 2002 ## TV-G ## 5 min ## [Animation, Buddy, Comedy] ## 
=> s86 ## Movie ## Miraculous World: Shanghai, The Legend of Ladydragon ## Thomas Astruc ## [Bryce Papenbrook, Carrie Keranen, Cristina 'Vee Valenzuela, Keith Silverstein, Max Mittelman, Todd Haberkorn] ## NaN ## July 9, 2021 ## 2021 ## TV-Y7-FV ## 54 min ## [Animation, Fantasy] ## 
=> s1016 ## Movie ## Mom's Got a Date With a Vampire ## Stephen Boyum ## [Caroline Rhea, Charles Shaughnessy, Laura Vandervoort, Matthew O'Leary, Myles Jeffrey, Robert Carradine] ## Canada, United States ## November 12, 2019 ## 2000 ## TV-PG ## 83 min ## [Comedy, Fantasy] ## 
=> s1018 ## Movie ## Monsters, Inc. ## Pete Docter ## [Billy Crystal, James Coburn, Jennifer Tilly, John Goodman, Mary Gibbs, Steve Buscemi] ## United States ## November 12, 2019 ## 2001 ## G ## 93 min ## [Animation, Buddy, Comedy] ## 
=> s1026 ## Movie ## Muppets Most Wanted ## James Bobin ## [Dave Goelz, Eric Jacobson, Ricky Gervais, Steve Whitmire, Tina Fey, Ty Burrell] ## United States ## November 12, 2019 ## 2014 ## PG ## 111 min ## [Action-Adventure, Comedy, Family] ## 
=> s1029 ## Movie ## National Treasure: Book of Secrets ## Jon Turteltaub ## [Diane Kruger, Ed Harris, Harvey Keitel, Jon Voight, Justin Bartha, Nicolas Cage] ## United States ## November 12, 2019 ## 2007 ## PG ## 125 min ## [Action-Adventure, Mystery, Thriller] ## 
=> s1033 ## Movie ## Now You See It ## Duwayne Dunham ## [Alyson Michalka, Brendan Hill, Chris Olivero, Frank Langella, Gabriel Sunday, Johnny Pacar] ## United States ## November 12, 2019 ## 2005 ## TV-G ## 89 min ## [Coming of Age, Fantasy] ## 
=> s313 ## Movie ## Oil Spill of The Century ## NaN ## [Loïck Peyron] ## NaN ## October 9, 2020 ## 2019 ## TV-PG ## 45 min ## [Documentary, Historical] ## 
=> s614 ## Movie ## One Day at Disney ## Fritz Mitchell ## [] ## United States ## December 3, 2019 ## 2019 ## TV-PG ## 62 min ## [Documentary, Family] ## 
=> s450 ## Movie ## Out ## Steven Hunter ## [Bernadette Sullivan, Caleb Cabrera, Kyle McDaniel, Matthew Martin] ## United States ## May 22, 2020 ## 2020 ## PG ## 12 min ## [Animation, Family, Fantasy] ## 
=> s1043 ## Movie ## Paris To Pittsburgh ## Sidney Beaumont, Michael Bonfiglio ## [Rachel Brosnahan] ## United States ## November 12, 2019 ## 2018 ## TV-PG ## 77 min ## [Documentary] ## 
=> s1046 ## Movie ## Perri ## N. Paul Kenworthy, Ralph Wright ## [Winston Hibler] ## United States ## November 12, 2019 ## 1957 ## G ## 75 min ## [Animals & Nature, Documentary, Family] ## 
=> s1049 ## Movie ## Peter Pan: Return to Never Land ## Robin Budd ## [Andrew McDonough, Blayne Weaver, Corey Burton, Harriet Owen, Jeff Bennett, Kath Soucie] ## United States, Canada, Australia ## November 12, 2019 ## 2002 ## G ## 77 min ## [Action-Adventure, Animation, Family] ## 
=> s279 ## Movie ## Planes ## Klay Hall ## [Brad Garrett, Dane Cook, Julia Louis-Dreyfus, Priyanka Chopra, Stacy Keach, Teri Hatcher] ## United States ## November 20, 2020 ## 2013 ## PG ## 94 min ## [Action-Adventure, Animation, Comedy] ## 
=> s280 ## Movie ## Planes: Fire & Rescue ## Bobs Gannaway ## [Curtis Armstrong, Dane Cook, Ed Harris, Hal Holbrook, John Higgins, Julie Bowen] ## United States ## November 20, 2020 ## 2014 ## PG ## 85 min ## [Action-Adventure, Animation, Comedy] ## 
=> s1071 ## Movie ## Pooh's Grand Adventure: The Search for Christopher Robin ## Karl Geurs ## [Andre Stojka, Brady Bluhm, Jim Cummings, John Fiedler, Ken Sansom, Peter Cullen] ## United States ## November 12, 2019 ## 1997 ## TV-G ## 78 min ## [Action-Adventure, Animation, Kids] ## 
=> s295 ## Movie ## Prep & Landing: Naughty vs. Nice ## Kevin Deters, Stevie Wermers-Skelton ## [Chris Parnell, Dave Foley, Derek Richardson, Rob Riggle, Sarah Chalke, W. Sheppard] ## United States ## November 6, 2020 ## 2011 ## TV-G ## 23 min ## [Animation, Family, Fantasy] ## 
=> s1082 ## Movie ## Recess: All Growed Down ## Howy Parkins, Chuck Sheetz ## [Andrew Lawrence, Ashley Johnson, Jason Davis, Myles Jeffrey, Rickey Collins, Ross Malinger] ## United States ## November 12, 2019 ## 2003 ## G ## 61 min ## [Animation, Comedy, Family] ## 
=> s1083 ## Movie ## Recess: School's Out ## Chuck Sheetz ## [Andy Lawrence, Ashely Johnson, Courtland Mead, Jason Davis, Pam Segall, Rickey Collins] ## United States, Japan ## November 12, 2019 ## 2001 ## G ## 87 min ## [Animation, Comedy, Family] ## 
=> s121 ## Movie ## Red Tails ## Anthony Hemingway ## [Cuba Gooding Jr., David Oyelowo, Nate Parker, Ne-Yo, Terrence Howard, Tristan Wilds] ## United States ## June 4, 2021 ## 2012 ## PG-13 ## 126 min ## [Action-Adventure, Drama, Historical] ## 
=> s1090 ## Movie ## Return to Oz ## Walter Murch ## [Fairuza Balk, Jean Marsh, Matt Clark, Michael Sundin, Nicol Williamson, Piper Laurie] ## United Kingdom, United States ## November 12, 2019 ## 1985 ## PG ## 110 min ## [Action-Adventure, Family, Fantasy] ## 
=> s220 ## Movie ## Rodgers & Hammerstein's Cinderella ## Robert Iscove ## [Bernadette Peters, Brandy Norwood, Paolo Montalbán, Victor Garber, Whitney Houston, Whoopi Goldberg] ## NaN ## February 12, 2021 ## 1997 ## G ## 86 min ## [Comedy, Family, Fantasy] ## 
=> s1097 ## Movie ## Rogue One: A Star Wars Story ## Gareth Edwards ## [Alan Tudyk, Ben Mendelsohn, Diego Luna, Donnie Yen, Felicity Jones, Mads Mikkelsen] ## United States ## November 12, 2019 ## 2016 ## PG-13 ## 134 min ## [Action-Adventure, Science Fiction] ## 
=> s1099 ## Movie ## Ruby Bridges ## Euzhan Palcy ## [Jean Kelly, Kevin Pollak, Michael Beach, Patrika Darbo, Penelope Miller, Peter James] ## United States ## November 12, 2019 ## 1998 ## TV-PG ## 90 min ## [Biographical, Drama, Historical] ## 
=> s1100 ## Movie ## Sacred Planet ## Jon Long ## [Arapata McKay, Cy Peck Jr., Mae Tui, Mutang Urud, Robert Redford, Tsaan Ciqae] ## Canada, Malaysia, United States ## November 12, 2019 ## 2004 ## G ## 47 min ## [Animals & Nature, Documentary, Family] ## 
=> s1101 ## Movie ## Saludos Amigos ## Bill Roberts, Jack Kinney, Ham Luske ## [Fred Shields] ## United States ## November 12, 2019 ## 1943 ## TV-PG ## 42 min ## [Animation, Comedy, Family] ## 
=> s1102 ## Movie ## Sammy, The Way-Out Seal ## Norman Tokar ## [Billy Mummy, Elisabeth Fraser, Jack Carson, Michael McGreevey, Patricia Barry, Robert Culp] ## United States ## November 12, 2019 ## 1962 ## TV-G ## 43 min ## [Animals & Nature, Comedy, Family] ## 
=> s1108 ## Movie ## Sea of Hope: America's Underwater Treasures ## Robert Nixon ## [Max Kennedy] ## United States ## November 12, 2019 ## 2017 ## TV-PG ## 47 min ## [Action-Adventure, Animals & Nature, Documentary] ## 
=> s90 ## Movie ## Shark Gangs ## Jacob Cobi Benattia, Pete Berg, James Buchanan ## [] ## NaN ## July 9, 2021 ## 2021 ## TV-14 ## 44 min ## [Animals & Nature, Documentary] ## 
=> s66 ## Movie ## Shark vs. Surfer ## Phil Stebbing ## [Billy Lloyd] ## NaN ## July 23, 2021 ## 2020 ## TV-14 ## 44 min ## [Animals & Nature, Documentary] ## 
=> s67 ## Movie ## Shark vs. Whale ## NaN ## [Ted Stewart] ## NaN ## July 23, 2021 ## 2020 ## TV-PG ## 44 min ## [Animals & Nature, Documentary] ## 
=> s1119 ## Movie ## Simpsons Movie ## David Silverman ## [Dan Castellaneta, Hank Azaria, Harry Shearer, Julie Kavner, Nancy Cartwright, Yeardley Smith] ## United States ## November 12, 2019 ## 2007 ## PG-13 ## 88 min ## [Action-Adventure, Animation, Comedy] ## 
=> s1122 ## Movie ## Skyrunners ## Ralph Hemecker ## [Conrad Coates, Jacqueline Wood, Joey Pollari, Kelly Blatz, Kerry Laifatt, Nathan Stephenson] ## United States ## November 12, 2019 ## 2009 ## TV-PG ## 93 min ## [Action-Adventure, Science Fiction] ## 
=> s1127 ## Movie ## Snowball Express ## Norman Tokar ## [Dean Jones, Harry Morgan, Johnny Whitaker, Keenan Wynn, Michael McGreevy, Nancy Olson] ## United States ## November 12, 2019 ## 1972 ## G ## 94 min ## [Comedy, Family, Sports] ## 
=> s400 ## Movie ## Solo: A Star Wars Story ## Ron Howard ## [Alden Ehrenreich, Donald Glover, Emilia Clarke, Phoebe Waller-Bridge, Thandie Newton, Woody Harrelson] ## United States ## July 10, 2020 ## 2018 ## PG-13 ## 135 min ## [Action-Adventure, Crime, Science Fiction] ## 
=> s148 ## Movie ## Star Wars Biomes ## NaN ## [] ## NaN ## May 4, 2021 ## 2021 ## TV-G ## 18 min ## [Science Fiction] ## 
=> s1139 ## Movie ## Star Wars: Attack of the Clones (Episode II) ## George Lucas ## [Ewan McGregor, Frank Oz, Hayden Christensen, Ian McDiarmid, Natalie Portman, Pernilla August] ## United States ## November 12, 2019 ## 2002 ## PG ## 143 min ## [Action-Adventure, Science Fiction] ## 
=> s366 ## Movie ## Star Wars: Galaxy's Edge-Adventure Awaits ## NaN ## [Jay Leno, Kaley Cuoco, Keegan-Michael Key, Neil Harris, Oscar Isaac, Sarah Hyland] ## United States ## August 7, 2020 ## 2019 ## TV-PG ## 81 min ## [Documentary, Family] ## 
=> s1145 ## Movie ## Star Wars: The Phantom Menace (Episode I) ## George Lucas ## [Ewan McGregor, Frank Oz, Jake Lloyd, Liam Neeson, Natalie Portman, Pernilla August] ## United States ## November 12, 2019 ## 1999 ## PG ## 136 min ## [Action-Adventure, Science Fiction] ## 
=> s532 ## Movie ## Stargirl ## Julia Hart ## [Darby Stanchfield, Giancarlo Esposito, Grace VanderWaal, Graham Verchere, Karan Brar, Maximiliano Hernandez] ## United States ## March 13, 2020 ## 2020 ## PG ## 107 min ## [Coming of Age, Drama, Musical] ## 
=> s1150 ## Movie ## Stonehenge Decoded: Secrets Revealed ## Christopher Spencer ## [Craig Sechler] ## United Kingdom ## November 12, 2019 ## 2008 ## TV-PG ## 44 min ## [Documentary] ## 
=> s68 ## Movie ## Stuntman ## Kurt Mattila ## [Eddie Braun] ## NaN ## July 23, 2021 ## 2021 ## TV-14 ## 87 min ## [Documentary] ## 
=> s1153 ## Movie ## Super Buddies ## Robert Vince ## [Colin Hanks, Cooper Roth, G. Hannelius, Jeremy Shinder, Tenzing Trainor, Ty Panitz] ## United States ## November 12, 2019 ## 2013 ## G ## 83 min ## [Action-Adventure, Comedy, Family] ## 
=> s383 ## Movie ## Surviving the Mount St. Helens Disaster ## Sophie Harris ## [Bill Ratner] ## United Kingdom ## July 31, 2020 ## 2020 ## TV-PG ## 44 min ## [Animals & Nature, Documentary] ## 
=> s1158 ## Movie ## Tangled Before Ever After ## Tom Caulfield, Stephen Sandoval ## [Clancy Brown, Eden Espinosa, Julie Bowen, Laura Benanti, Mandy Moore, Zachary Levi] ## United States ## November 12, 2019 ## 2017 ## TV-Y7 ## 58 min ## [Animation, Coming of Age, Fantasy] ## 
=> s417 ## Movie ## Tarzan II ## Brian Smith ## [Brad Garrett, Estelle Harris, George Carlin, Glenn Close, Harrison Chad, Ron Perlman] ## United States ## June 26, 2020 ## 2005 ## G ## 75 min ## [Action-Adventure, Animation, Coming of Age] ## 
=> s1163 ## Movie ## Teen Spirit ## Gil Junger ## [Carissa Capobianco, Cassie Scerbo, Chris Zylka, Gabriela Lopez, Lindsey Shaw, Tim Gunn] ## United States ## November 12, 2019 ## 2011 ## TV-14 ## 82 min ## [Buddy, Comedy, Coming of Age] ## 
=> s1165 ## Movie ## That Darn Cat! ## Robert Stevenson ## [Dean Jones, Dorothy Provine, Elsa Lanchester, Hayley Mills, Neville Brand, Roddy McDowall] ## United States ## November 12, 2019 ## 1965 ## G ## 116 min ## [Animals & Nature, Comedy, Family] ## 
=> s1166 ## Movie ## The Absent-Minded Professor ## Robert Stevenson ## [Elliott Reid, Fred MacMurray, Keenan Wynn, Leon Ames, Nancy Olson, Tommy Kirk] ## United States ## November 12, 2019 ## 1961 ## G ## 96 min ## [Comedy, Family, Science Fiction] ## 
=> s1169 ## Movie ## The Adventures of Huck Finn ## Stephen Sommers ## [Courtney Vance, Dana Ivey, Elijah Wood, Jason Robards, Robbie Coltrane, Ron Perlman] ## United States ## November 12, 2019 ## 1993 ## PG ## 108 min ## [Action-Adventure, Coming of Age, Drama] ## 
=> s1173 ## Movie ## The Apple Dumpling Gang ## Norman Tokar ## [Bill Bixby, David Wayne, Don Knotts, Slim Pickens, Susan Clark, Tim Conway] ## United States ## November 12, 2019 ## 1975 ## G ## 100 min ## [Comedy, Family, Western] ## 
=> s1176 ## Movie ## The Art of Skiing ## Jack Kinney ## [John McLeish] ## United States ## November 12, 2019 ## 1941 ## TV-G ## 8 min ## [Animation, Comedy, Family] ## 
=> s216 ## Movie ## The Book of Life ## Jorge R. Gutiérrez ## [Channing Tatum, Christina Applegate, Diego Luna, Ice Cube, Ron Perlman, Zoe Saldana] ## NaN ## February 19, 2021 ## 2014 ## PG ## 101 min ## [Action-Adventure, Animation, Comedy] ## 
=> s1188 ## Movie ## The Brave Little Toaster Goes to Mars ## Robert Ramirez ## [Deanna Oliver, Eric Lloyd, Farrah Fawcett, Roger Kabler, Thurl Ravenscroft, Tim Stack] ## United States ## November 12, 2019 ## 1998 ## TV-G ## 73 min ## [Action-Adventure, Animation, Kids] ## 
=> s1195 ## Movie ## The Chronicles of Narnia: The Lion, the Witch and the Wardrobe ## Andrew Adamson ## [Anna Popplewell, Georgie Henley, James McAvoy, Skandar Keynes, Tilda Swinton, William Moseley] ## United Kingdom, United States ## November 12, 2019 ## 2005 ## PG ## 147 min ## [Action-Adventure, Family, Fantasy] ## 
=> s1200 ## Movie ## The Even Stevens Movie ## Sean McNamara ## [A.J. Trauth, Christy Romano, Nick Spano, Shia LaBeouf, Steven Lawrence, Tom Virtue] ## United States ## November 12, 2019 ## 2003 ## TV-G ## 94 min ## [Action-Adventure, Comedy] ## 
=> s533 ## Movie ## The Finest Hours ## Craig Gillespie ## [Ben Foster, Casey Affleck, Chris Pine, Holliday Grainger, John Ortiz, Kyle Gallner] ## United States ## March 6, 2020 ## 2016 ## PG-13 ## 119 min ## [Action-Adventure, Disaster, Drama] ## 
=> s1201 ## Movie ## The Flood ## Brad Bestelink ## [Angela Bassett] ## United States ## November 12, 2019 ## 2018 ## TV-PG ## 93 min ## [Animals & Nature, Documentary] ## 
=> s1203 ## Movie ## The Fox and the Hound 2 ## Jim Kammerud ## [Harrison Fahn, Jeff Foxworthy, Jonah Bobo, Patrick Swayze, Reba McEntire, Vicki Lawrence] ## United States ## November 12, 2019 ## 2006 ## G ## 73 min ## [Action-Adventure, Animation, Buddy] ## 
=> s1211 ## Movie ## The Haunted Mansion ## Rob Minkoff ## [Eddie Murphy, Jennifer Tilly, Marsha Thomason, Nathaniel Parker, Terence Stamp, Wallace Shawn] ## United States ## November 12, 2019 ## 2003 ## PG ## 89 min ## [Comedy, Family, Fantasy] ## 
=> s1216 ## Movie ## The Incredible Journey ## Fletcher Markle ## [John Drainie, Marion Finlayson, Sandra Scott, Syme Jago, Tommy Tweed, Émile Genest] ## Canada, United States ## November 12, 2019 ## 1963 ## G ## 80 min ## [Action-Adventure, Animals & Nature, Family] ## 
=> s1221 ## Movie ## The Legend of Mor'du ## Brian Larsen ## [Callum O'Neill, Julie Walters, Steve Purcell] ## United States ## November 12, 2019 ## 2012 ## TV-G ## 8 min ## [Animation, Family, Fantasy] ## 
=> s1222 ## Movie ## The Lion King 1 1/2 ## Bradley Raymond ## [Ernie Sabella, Jerry Stiller, Julie Kavner, Matthew Broderick, Nathan Lane, Robert Guillaume] ## Australia, United States ## November 12, 2019 ## 2004 ## G ## 80 min ## [Action-Adventure, Animation, Comedy] ## 
=> s132 ## Movie ## The Little Prince(ss) ## Moxie Peng ## [Brian Yang, Ching Yin Ryan Hu, Danni Wang, Evan Lai, Kalo Moss, Lynn Chen] ## NaN ## May 28, 2021 ## 2021 ## PG ## 19 min ## [Drama] ## 
=> s1231 ## Movie ## The Love Bug (1969) ## Robert Stevenson ## [Benson Fong, Buddy Hackett, David Tomlinson, Dean Jones, Joe Flynn, Michele Lee] ## United States ## November 12, 2019 ## 1969 ## G ## 108 min ## [Action-Adventure, Comedy, Family] ## 
=> s1235 ## Movie ## The Muppet Christmas Carol ## Brian Henson ## [Dave Goelz, David Rudman, Frank Oz, Jerry Nelson, Michael Caine, Steve Whitmire] ## United States, United Kingdom ## November 12, 2019 ## 1992 ## G ## 87 min ## [Comedy, Drama, Family] ## 
=> s269 ## Movie ## The Nutcracker and the Four Realms ## Lasse Hallström, Joe Johnston ## [Eugenio Derbez, Jayden Fowora-Knight, Keira Knightley, Mackenzie Foy, Matthew Macfadyen, Richard Grant] ## United States ## December 4, 2020 ## 2018 ## PG ## 101 min ## [Action-Adventure, Family, Fantasy] ## 
=> s524 ## Movie ## The Odd Life of Timothy Green ## Peter Hedges ## [CJ Adams, Dianne Wiest, Jennifer Garner, Joel Edgerton, Ron Livingston, Rosemarie DeWitt] ## United States ## April 1, 2020 ## 2012 ## PG ## 106 min ## [Drama, Family, Fantasy] ## 
=> s1241 ## Movie ## The Olympic Champ ## Jack Kinney ## [] ## United States ## November 12, 2019 ## 1942 ## TV-G ## 7 min ## [Animation, Comedy, Family] ## 
=> s480 ## Movie ## The Olympic Elk ## James Algar ## [Winston Hibler] ## United States ## April 24, 2020 ## 1952 ## TV-G ## 27 min ## [Animals & Nature, Documentary, Family] ## 
=> s1250 ## Movie ## The Princess Diaries 2: Royal Engagement ## Garry Marshall ## [Anne Hathaway, Callum Blue, Chris Pine, Heather Matarazzo, John Rhys-Davies, Kathleen Marshall] ## United States ## November 12, 2019 ## 2004 ## G ## 114 min ## [Comedy, Family, Romance] ## 
=> s1248 ## Movie ## The Princess and the Frog ## John Musker, Ron Clements ## [Anika Rose, Bruno Campos, Jennifer Cody, Jim Cummings, Keith David, Michael-Leon Wooley] ## United States ## November 12, 2019 ## 2009 ## G ## 99 min ## [Animation, Comedy, Family] ## 
=> s1251 ## Movie ## The Proud Family Movie ## Bruce Smith ## [Jo Payton, Kyla Pratt, Orlando Brown, Paula Parker, Soleil Frye, Tommy Davidson] ## United States ## November 12, 2019 ## 2005 ## TV-G ## 95 min ## [Animation, Comedy, Family] ## 
=> s1254 ## Movie ## The Rescuers ## Wolfgang Reitherman, John Lounsbery, Art Stevens ## [Bob Newhart, Eva Gabor, Geraldine Page, Jeanette Nolan, Joe Flynn, Pat Buttram] ## United States ## November 12, 2019 ## 1977 ## G ## 78 min ## [Action-Adventure, Animation, Comedy] ## 
=> s1255 ## Movie ## The Rescuers Down Under ## Hendel Butoy, Mike Gabriel ## [Adam Ryen, Bob Newhart, Eva Gabor, John Candy, Tristan Rogers, Wayne Robson] ## United States ## November 12, 2019 ## 1990 ## G ## 78 min ## [Action-Adventure, Animation, Family] ## 
=> s1258 ## Movie ## The Santa Clause 2 ## Michael Lembeck ## [David Krumholtz, Elizabeth Mitchell, Eric Lloyd, Judge Reinhold, Tim Allen, Wendy Crewson] ## United States, Canada ## November 12, 2019 ## 2002 ## G ## 106 min ## [Comedy, Family, Fantasy] ## 
=> s1260 ## Movie ## The Scream Team ## Stuart Gillard ## [Eric Idle, Gary Reineke, Kat Dennings, Mark Rendall, Robert Bockstael, Tommy Davidson] ## United States ## November 12, 2019 ## 2002 ## TV-PG ## 88 min ## [Comedy, Fantasy] ## 
=> s298 ## Movie ## The Sorcerer's Apprentice ## Jon Turteltaub ## [Alfred Molina, Jay Baruchel, Monica Bellucci, Nicolas Cage, Omar Miller, Teresa Palmer] ## United States ## October 30, 2020 ## 2010 ## PG ## 111 min ## [Action-Adventure, Fantasy] ## 
=> s429 ## Movie ## The Story of the Animated Drawing ## Wilfred Jackson, William Beaudine ## [] ## United States ## June 12, 2020 ## 1955 ## TV-PG ## 49 min ## [Documentary, Family] ## 
=> s1274 ## Movie ## The Three Caballeros ## Norman Ferguson, Clyde Geronimi, Jack Kinney ## [Aurora Miranda, Carmen Molina, Clarence Nash, Joaquin Garay, Jose Oliveira, Sterling Holloway] ## United States ## November 12, 2019 ## 1945 ## G ## 72 min ## [Animation, Family, Musical] ## 
=> s1277 ## Movie ## The Tortoise and the Hare ## Wilfred Jackson ## [] ## United States ## November 12, 2019 ## 1935 ## TV-G ## 9 min ## [Animation, Family, Sports] ## 
=> s1280 ## Movie ## The Ultimate Christmas Present ## Greg Beeman ## [Brenda Song, Hallee Hirsh, Hallie Todd, John Salley, Spencer Breslin, Susan Ruttan] ## Canada, United States ## November 12, 2019 ## 2000 ## TV-G ## 81 min ## [Comedy, Coming of Age, Fantasy] ## 
=> s402 ## Movie ## The Undefeated Presents: Hamilton In-Depth ## NaN ## [Daveed Diggs, Leslie Odom Jr., Lin-Manuel Miranda, Phillipa Soo, Renee Goldsberry, Thomas Kail] ## United States ## July 5, 2020 ## 2020 ## TV-PG ## 33 min ## [Historical, Musical] ## 
=> s1287 ## Movie ## Three Blind Mouseketeers ## Dave Hand ## [Billy Bletcher, Pinto Colvig] ## United States ## November 12, 2019 ## 1936 ## TV-Y7 ## 9 min ## [Animation, Family, Parody] ## 
=> s1289 ## Movie ## Three Little Pigs ## Burt Gillett ## [Billy Bletcher, Dorothy Compton, Mary Moder, Pinto Colvig] ## United States ## November 12, 2019 ## 1933 ## TV-Y7 ## 9 min ## [Animation, Family, Kids] ## 
=> s1290 ## Movie ## Three Little Wolves ## Dave Hand ## [] ## United States ## November 12, 2019 ## 1936 ## TV-Y7 ## 9 min ## [Animation, Family] ## 
=> s1292 ## Movie ## Three Men and a Little Lady ## Emile Ardolino ## [Christopher Cazenove, Fiona Shaw, Nancy Travis, Steve Guttenberg, Ted Danson, Tom Selleck] ## United States ## November 12, 2019 ## 1990 ## PG ## 104 min ## [Buddy, Comedy, Romance] ## 
=> s1294 ## Movie ## Tiger Cruise ## Duwayne Dunham ## [Bianca Collins, Hayden Panettiere, Mercedes Colon, Nathaniel Lee, Nathaniel Lee Jr., Troy Evans] ## United States ## November 12, 2019 ## 2004 ## TV-PG ## 88 min ## [Drama, Family] ## 
=> s1306 ## Movie ## Toy Story 3 ## Lee Unkrich ## [Don Rickles, Joan Cusack, John Ratzenberger, Tim Allen, Tom Hanks, Wallace Shawn] ## United States ## November 12, 2019 ## 2010 ## G ## 103 min ## [Animation, Comedy, Drama] ## 
=> s1308 ## Movie ## Toy Story Toons: Partysaurus Rex ## Mark Walsh ## [Corey Burton, Don Fullilove, Tim Allen, Tom Hanks, Tony Cox, Wallace Shawn] ## United States ## November 12, 2019 ## 2012 ## G ## 9 min ## [Animation, Comedy, Family] ## 
=> s1316 ## Movie ## Tron ## Steven Lisberger ## [Barnard Hughes, Bruce Boxleitner, Cindy Morgan, Dan Shor, David Warner, Jeff Bridges] ## United States ## November 12, 2019 ## 1982 ## PG ## 96 min ## [Action-Adventure, Family, Science Fiction] ## 
=> s425 ## Movie ## Tummy Trouble ## Frank Marshall, Rob Minkoff ## [April Winchell, Charles Fleischer, Corey Burton, Kathleen Turner, Lou Hirsch, Richard Williams] ## United States ## June 19, 2020 ## 1989 ## TV-G ## 8 min ## [Action-Adventure, Animation, Comedy] ## 
=> s1320 ## Movie ## Twas the Night ## Nick Castle ## [Barclay Hope, Brenda Grate, Bryan Cranston, Jefferson Mappin, Josh Zuckerman, Rhys Williams] ## United States ## November 12, 2019 ## 2001 ## TV-G ## 87 min ## [Comedy, Crime, Fantasy] ## 
=> s289 ## Movie ## Ultimate Viking Sword ## Peter Yost ## [Jay Sanders] ## NaN ## November 13, 2020 ## 2019 ## TV-PG ## 45 min ## [Documentary, Historical] ## 
=> s34 ## Movie ## Underdog ## Frederik Du Chau ## [Alex Neuberger, Amy Adams, Jason Lee, Jim Belushi, Patrick Warburton, Peter Dinklage] ## United States ## August 27, 2021 ## 2007 ## PG ## 85 min ## [Action-Adventure, Family, Parody] ## 
=> s1329 ## Movie ## Wendy Wu: Homecoming Warrior ## John Laing ## [Andy Fischer-Price, Brenda Song, Justin Chon, Michael Cheng, Shin Koyamada, Susan Chuang] ## United States ## November 12, 2019 ## 2006 ## TV-PG ## 91 min ## [Action-Adventure, Coming of Age, Fantasy] ## 
=> s1332 ## Movie ## Who Framed Roger Rabbit ## Robert Zemeckis ## [Alan Tilvern, Bob Hoskins, Christopher Lloyd, Joanna Cassidy, Richard LeParmentier, Stubby Kaye] ## United States ## November 12, 2019 ## 1988 ## PG ## 104 min ## [Action-Adventure, Animation, Comedy] ## 
=> s1334 ## Movie ## Willow ## Ron Howard ## [Gavan O'Herlihy, Joanne Whalley, Patricia Hayes, Phil Fondacaro, Val Kilmer, Warwick Davis] ## United States ## November 12, 2019 ## 1987 ## PG ## 127 min ## [Action-Adventure, Family, Fantasy] ## 
=> s104 ## Movie ## Wolfgang ## David Gelb ## [Wolfgang Puck] ## NaN ## June 25, 2021 ## 2021 ## TV-PG ## 80 min ## [Biographical, Documentary] ## 
=> s1343 ## Movie ## World's Greatest Dogs ## NaN ## [Mike Secher] ## United States ## November 12, 2019 ## 2015 ## TV-PG ## 44 min ## [Animals & Nature, Documentary, Family] ## 
=> s43 ## Movie ## X-Men ## Bryan Singer ## [Famke Janssen, Halle Berry, Hugh Jackman, Ian McKellen, James Marsden, Patrick Stewart] ## United States ## August 13, 2021 ## 2000 ## PG-13 ## 105 min ## [Action-Adventure, Family, Science Fiction] ## 
=> s123 ## Movie ## X-Men Origins: Wolverine ## Gavin Hood ## [Danny Huston, Hugh Jackman, Kevin Durand, Liev Schreiber, Lynn Collins, will.i.am] ## United States, United Kingdom ## June 4, 2021 ## 2009 ## PG-13 ## 108 min ## [Action-Adventure, Family, Science Fiction] ## 
=> s1351 ## Movie ## Z-O-M-B-I-E-S ## Paul Hoen ## [Carla Jeffery, Kingston Foster, Kylee Russell, Meg Donnelly, Milo Manheim, Trevor Tordjman] ## United States ## November 12, 2019 ## 2018 ## TV-G ## 97 min ## [Coming of Age, Musical, Science Fiction] ## 
=> s153 ## TV Show ## Adventures in Wonderland ## NaN ## [Harry Waters Jr., John Lovelady, John Robert Hoffman, Patrick Richwood, Reece Holland, Wesley Mann] ## NaN ## April 30, 2021 ## 1996 ## TV-G ## 1 Season ## [Fantasy, Musical] ## 
=> s370 ## TV Show ## Animal Showdown ## NaN ## [Brian Peck] ## NaN ## July 31, 2020 ## 2018 ## TV-G ## 1 Season ## [Animals & Nature, Docuseries, Family] ## 
=> s371 ## TV Show ## Best Job Ever ## NaN ## [] ## NaN ## July 31, 2020 ## 2018 ## TV-G ## 1 Season ## [Animals & Nature, Docuseries, Family] ## 
=> s483 ## TV Show ## Brain Games ## NaN ## [Neil Harris] ## United States ## April 17, 2020 ## 2011 ## TV-G ## 8 Seasons ## [Docuseries, Family, Game Show / Competition] ## 
=> s58 ## TV Show ## Chip 'n' Dale: Park Life ## NaN ## [Bill Farmer, Kaycie Chase, Matthew Géczy, Sylvain Caruso] ## NaN ## July 28, 2021 ## 2021 ## TV-Y7 ## 1 Season ## [Animation, Buddy, Comedy] ## 
=> s330 ## TV Show ## Coop & Cami Ask The World ## NaN ## [Albert Tsai, Dakota Lotus, Olivia Sanabia, Paxton Booth, Rebecca Metz, Ruby Turner] ## United States ## September 18, 2020 ## 2018 ## TV-G ## 2 Seasons ## [Comedy, Family, Kids] ## 
=> s732 ## TV Show ## Darkwing Duck ## NaN ## [Christine Cavanaugh, Frank Welker, Jim Cummings, Terry McGovern] ## United States ## November 12, 2019 ## 1991 ## TV-Y7 ## 2 Seasons ## [Action-Adventure, Animation, Kids] ## 
=> s748 ## TV Show ## Disney DuckTales (Shorts) ## NaN ## [] ## NaN ## November 12, 2019 ## 2016 ## TV-Y7 ## 1 Season ## [Action-Adventure, Animation, Comedy] ## 
=> s750 ## TV Show ## Disney Family Sundays ## NaN ## [] ## United States ## November 12, 2019 ## 2019 ## TV-G ## 1 Season ## [Anthology, Family, Lifestyle] ## 
=> s755 ## TV Show ## Disney Jake and the Never Land Pirates ## NaN ## [Colin Ford, Corey Burton, David Arquette, Jonathan Heit, Madison Pettis] ## United States ## November 12, 2019 ## 2010 ## TV-Y ## 4 Seasons ## [Action-Adventure, Animation, Fantasy] ## 
=> s392 ## TV Show ## Disney Junior Music Lullabies ## NaN ## [] ## NaN ## July 17, 2020 ## 2018 ## TV-Y ## 1 Season ## [Animation, Kids, Music] ## 
=> s759 ## TV Show ## Disney Lab Rats: Elite Force ## NaN ## [Bradley Perry, Jake Short, Kelli Berglund, Paris Berelc, William Brent] ## United States ## November 12, 2019 ## 2015 ## TV-Y7 ## 1 Season ## [Action-Adventure, Comedy, Coming of Age] ## 
=> s489 ## TV Show ## Disney Playtime with Puppy Dog Pals (Shorts) ## NaN ## [] ## NaN ## April 10, 2020 ## 2017 ## TV-Y ## 2 Seasons ## [Animation, Kids] ## 
=> s46 ## TV Show ## Disney Presents Goofy in How to Stay at Home ## NaN ## [Bill Farmer, Corey Burton] ## NaN ## August 11, 2021 ## 2021 ## TV-G ## 1 Season ## [Animation, Comedy, Family] ## 
=> s445 ## TV Show ## Disney Vampirina ## NaN ## [Isabella Crovetti, James Van Der Beek, Jordan Davis, Lauren Graham, Mitchell Whitfield, Wanda Sykes] ## Ireland, United States ## May 22, 2020 ## 2017 ## TV-Y7 ## 2 Seasons ## [Animation, Fantasy, Kids] ## 
=> s769 ## TV Show ## Disney's Doug ## NaN ## [Alice Playten, Chris Phillips, Connie Shulman, Doug Preis, Fred Newman, Thomas McHugh] ## United States ## November 12, 2019 ## 1996 ## TV-Y7 ## 3 Seasons ## [Animation, Comedy, Coming of Age] ## 
=> s446 ## TV Show ## Doc McStuffins ## NaN ## [Jaden Betts, Jess Harnell, Kiara Muhammad, Kimberly Brooks, Lara Miller, Loretta Devine] ## United States, Ireland ## May 22, 2020 ## 2011 ## TV-Y7 ## 5 Seasons ## [Animation, Kids, Medical] ## 
=> s206 ## TV Show ## Dog With a Blog ## NaN ## [Beth Littleford, Blake Michael, Francesca Capaldi, G Hannelius, Regan Burns, Stephen Full] ## United States ## February 26, 2021 ## 2012 ## TV-G ## 3 Seasons ## [Comedy, Fantasy] ## 
=> s155 ## TV Show ## DuckTales ## NaN ## [Ben Schwartz, Bobby Moynihan, Danny Pudi, David Tennant, Kate Micucci, Tony Anselmo] ## United States ## April 30, 2021 ## 2017 ## TV-Y7 ## 3 Seasons ## [Action-Adventure, Animation, Comedy] ## 
=> s162 ## TV Show ## Earth Moods ## NaN ## [] ## NaN ## April 16, 2021 ## 2021 ## TV-G ## 1 Season ## [Animals & Nature, Anthology] ## 
=> s803 ## TV Show ## Elena of Avalor (Shorts) ## NaN ## [Aimee Carrero, Desmond Gerber, Gia Lopez, Jenna Ortega, Maximus Riegel, Mick Wingert] ## NaN ## November 12, 2019 ## 2017 ## TV-Y ## 2 Seasons ## [Action-Adventure, Animation, Fantasy] ## 
=> s806 ## TV Show ## Encore! ## NaN ## [Ali Stroker, Kristen Bell, Roger Love, Stephen Schwartz, Susan Egan] ## United States ## November 12, 2019 ## 2019 ## TV-14 ## 1 Season ## [Music, Reality] ## 
=> s331 ## TV Show ## Europe from Above ## NaN ## [Julian Barratt] ## United Kingdom ## September 18, 2020 ## 2019 ## TV-G ## 1 Season ## [Docuseries, Reality] ## 
=> s808 ## TV Show ## Even Stevens ## NaN ## [Christy Romano, Donna Pescow, Nick Spano, Shia LaBeouf, Tom Virtue] ## United States ## November 12, 2019 ## 2000 ## TV-PG ## 3 Seasons ## [Comedy, Coming of Age, Kids] ## 
=> s291 ## TV Show ## Fancy Nancy (Shorts) ## NaN ## [Alyson Hannigan, Dana Heath, Mia Sinclair Jenness, Spencer Moss] ## NaN ## November 6, 2020 ## 2019 ## TV-Y ## 1 Season ## [Animation, Kids] ## 
=> s135 ## TV Show ## Fury Files ## NaN ## [Chi McBride] ## NaN ## May 21, 2021 ## 2013 ## TV-Y7 ## 1 Season ## [Animation] ## 
=> s834 ## TV Show ## Gargoyles ## NaN ## [Bill Fagerbakke, Edward Asner, Jeff Bennett, Jonathan Frakes, Keith David, Thom Hernandez] ## United States ## November 12, 2019 ## 1994 ## TV-Y7 ## 3 Seasons ## [Action-Adventure, Animation, Fantasy] ## 
=> s850 ## TV Show ## Great Migrations ## NaN ## [Alec Baldwin] ## United States ## November 12, 2019 ## 2010 ## TV-PG ## 1 Season ## [Animals & Nature, Docuseries, Survival] ## 
=> s40 ## TV Show ## Growing Up Animal ## NaN ## [Tracee Ellis Ross] ## NaN ## August 18, 2021 ## 2021 ## TV-PG ## 1 Season ## [Animals & Nature, Docuseries, Family] ## 
=> s107 ## TV Show ## Heartland Docs, DVM ## NaN ## [Dr. Ben Schroeder, Dr. Erin Schroeder] ## United States ## June 18, 2021 ## 2019 ## TV-14 ## 3 Seasons ## [Animals & Nature, Docuseries, Family] ## 
=> s176 ## TV Show ## Higglytown Heroes ## NaN ## [Edie McClurg, Frankie Ryan Manriquez, Liliana Mumy, Rory Thost, Taylor Masamitsu] ## United States, South Korea ## April 2, 2021 ## 2004 ## TV-Y ## 2 Seasons ## [Animation, Kids, Musical] ## 
=> s136 ## TV Show ## Ice Road Rescue ## NaN ## [Bjørn Lægreid, David Wartnaby, Thord Paulsen] ## United Kingdom ## May 21, 2021 ## 2015 ## TV-14 ## 5 Seasons ## [Docuseries, Reality, Survival] ## 
=> s301 ## TV Show ## India From Above ## NaN ## [Dev Patel] ## NaN ## October 23, 2020 ## 2019 ## TV-PG ## 1 Season ## [Docuseries, Reality] ## 
=> s287 ## TV Show ## Inside Pixar ## NaN ## [] ## United States ## November 13, 2020 ## 2020 ## TV-PG ## 1 Season ## [Docuseries, Family] ## 
=> s896 ## TV Show ## Iron Man Armored Adventures ## NaN ## [Adrian Petriw, Anna Cummer, Daniel Bacon, Mackenzie Gray, Vincent Tong] ## Canada, United States, United Kingdom, France, Luxembourg ## November 12, 2019 ## 2008 ## TV-G ## 2 Seasons ## [Action-Adventure, Animation, Coming of Age] ## 
=> s354 ## TV Show ## Jungle Animal Rescue ## NaN ## [Dan Nachtrab] ## United States ## August 14, 2020 ## 2019 ## TV-PG ## 1 Season ## [Animals & Nature, Docuseries, Family] ## 
=> s129 ## TV Show ## Kingdom of the Polar Bears ## NaN ## [Dennis Compayre] ## NaN ## May 28, 2021 ## 2021 ## TV-PG ## 1 Season ## [Animals & Nature, Docuseries] ## 
=> s932 ## TV Show ## LEGO Star Wars: The Freemaker Adventures ## NaN ## [Greg Baldwin, Grey Griffin, Matt Sloan, Michael Daingerfield, Trevor Devall, Vanessa Lengies] ## United States ## November 12, 2019 ## 2015 ## TV-Y7 ## 2 Seasons ## [Action-Adventure, Animation, Comedy] ## 
=> s933 ## TV Show ## LEGO Star Wars: The Freemaker Adventures (Shorts) ## NaN ## [] ## NaN ## November 12, 2019 ## 2016 ## TV-Y7 ## 1 Season ## [Action-Adventure, Animation, Comedy] ## 
=> s924 ## TV Show ## Lab Rats ## NaN ## [Billy Unger, Hal Sparks, Kelli Berglund, Spencer Boldman, Tyrel Williams] ## United States ## November 12, 2019 ## 2011 ## TV-Y7 ## 4 Seasons ## [Action-Adventure, Comedy, Coming of Age] ## 
=> s37 ## TV Show ## Life Below Zero: Next Generation ## NaN ## [Mocean Melvin] ## United States ## August 25, 2021 ## 2020 ## TV-14 ## 2 Seasons ## [Action-Adventure, Animals & Nature, Docuseries] ## 
=> s468 ## TV Show ## Love & Vets ## NaN ## [Mallory Kasdan] ## United States ## May 1, 2020 ## 2017 ## TV-PG ## 1 Season ## [Animals & Nature, Docuseries, Family] ## 
=> s980 ## TV Show ## Marvel Ultimate Spider-Man ## NaN ## [Chi McBride, Clark Gregg, Drake Bell, J.K. Simmons, Steven Weber, Tom Kenny] ## United States ## November 12, 2019 ## 2011 ## TV-Y7 ## 4 Seasons ## [Action-Adventure, Animation, Fantasy] ## 
=> s982 ## TV Show ## Marvel's Ant-Man (Shorts) ## NaN ## [] ## United States ## November 12, 2019 ## 2016 ## TV-Y7 ## 1 Season ## [Action-Adventure, Animation, Comedy] ## 
=> s987 ## TV Show ## Marvel's Hero Project ## NaN ## [] ## United States ## November 12, 2019 ## 2019 ## TV-PG ## 1 Season ## [Docuseries, Family] ## 
=> s195 ## TV Show ## Mexico Untamed ## NaN ## [Juan Monsalvez] ## NaN ## March 19, 2021 ## 2018 ## TV-PG ## 1 Season ## [Animals & Nature, Docuseries] ## 
=> s207 ## TV Show ## Mickey Go Local ## NaN ## [Azran Bin Ahmad, Rozita Binti Mohamed Hussain, Shamsir Bin Mohd Shahar, Suzana Binti Ahmad] ## NaN ## February 26, 2021 ## 2019 ## TV-G ## 1 Season ## [Animation, Comedy, Kids] ## 
=> s998 ## TV Show ## Mickey Mouse Club (1955-59) ## NaN ## [] ## United States ## November 12, 2019 ## 1955 ## TV-PG ## 1 Season ## [Family, Variety] ## 
=> s62 ## TV Show ## Minnie's Bow-Toons: Party Palace Pals ## NaN ## [Kaitlyn Robrock, Nika Futterman, Tress MacNeille] ## NaN ## July 28, 2021 ## 2021 ## TV-Y7 ## 1 Season ## [Animation, Kids] ## 
=> s22 ## TV Show ## Mira, Royal Detective ## NaN ## [Kal Penn, Kamran Lucas, Leela Ladnier, Roshni Edwards, Utkarsh Ambudkar] ## United States ## September 8, 2021 ## 2020 ## TV-Y ## 2 Seasons ## [Animation, Fantasy, Kids] ## 
=> s15 ## TV Show ## Miraculous: Tales Of Ladybug & Cat Noir ## NaN ## [Bryce Papenbrook, Carrie Keranen, Cristina Vee, Keith Silverstein, Max Mittelman, Mela Lee] ## France, South Korea, Japan, United States ## September 15, 2021 ## 2015 ## TV-Y7 ## 1 Season ## [Action-Adventure, Animation, Fantasy] ## 
=> s382 ## TV Show ## Muppets Now ## NaN ## [Bill Barretta, Dave Goelz, David Rudman, Eric Jacobson, Matt Vogel, Peter Linz] ## United States ## July 31, 2020 ## 2020 ## TV-PG ## 1 Season ## [Comedy, Family, Lifestyle] ## 
=> s1028 ## TV Show ## My Friends Tigger & Pooh ## NaN ## [Jim Cummings] ## United States ## November 12, 2019 ## 2006 ## TV-Y ## 2 Seasons ## [Animation, Kids] ## 
=> s274 ## TV Show ## Party Animals ## NaN ## [] ## NaN ## November 27, 2020 ## 2016 ## TV-G ## 1 Season ## [Animals & Nature, Kids, Music] ## 
=> s1061 ## TV Show ## Pixar In Real Life ## NaN ## [] ## United States ## November 12, 2019 ## 2019 ## TV-G ## 1 Season ## [Anthology, Comedy, Family] ## 
=> s228 ## TV Show ## Pixar Popcorn ## NaN ## [Craig T. Nelson, Ellen DeGeneres, Holly Hunter, Jordan Peele, Keegan-Michael Key] ## United States ## January 22, 2021 ## 2021 ## TV-PG ## 1 Season ## [Animation, Anthology, Family] ## 
=> s275 ## TV Show ## Port Protection Alaska ## NaN ## [Curly Leach, David Squibb, Gary Muehlberger, Mary Miller, Sam Carlson, Stuart Andrews] ## United States ## November 27, 2020 ## 2015 ## TV-14 ## 1 Season ## [Docuseries, Reality, Survival] ## 
=> s110 ## TV Show ## Puppy Dog Pals ## NaN ## [Harland Williams, Isaac Brown, Jessica DiCicco, Leslie Baker, Sam Lavagnino, Tara Strong] ## United States, India ## June 11, 2021 ## 2016 ## TV-G ## 4 Seasons ## [Animation, Kids] ## 
=> s1076 ## TV Show ## Quack Pack ## NaN ## [Brian Cummings, E.G. Daily, James Avery, Jeannie Elias, Pamela Segall, Tony Anselmo] ## United States ## November 12, 2019 ## 1996 ## TV-Y ## 1 Season ## [Action-Adventure, Animation, Comedy] ## 
=> s138 ## TV Show ## Schoolhouse Rock! ## NaN ## [Blossom Dearie, Bob Dorough, Essra Mohawk, Grady Tate, Jack Sheldon, Lynn Ahrens] ## United States ## May 17, 2021 ## 1973 ## TV-G ## 6 Seasons ## [Animals & Nature, Animation, Kids] ## 
=> s319 ## TV Show ## Secrets Of The Zoo: Down Under ## NaN ## [Naomi Watts] ## NaN ## October 2, 2020 ## 2020 ## TV-14 ## 1 Season ## [Animals & Nature, Docuseries, Family] ## 
=> s78 ## TV Show ## Shark Attack Files ## NaN ## [] ## NaN ## July 16, 2021 ## 2021 ## TV-14 ## 1 Season ## [Reality] ## 
=> s337 ## TV Show ## Soy Luna ## NaN ## [Carolina Kopelioff, Karol Sevilla, Lucila Gandolfo, Michael Ronda, Ruggero Pasquarelli, Valentina Zenere] ## Argentina, Mexico ## September 18, 2020 ## 2015 ## TV-G ## 3 Seasons ## [Comedy, Coming of Age, Drama] ## 
=> s141 ## TV Show ## Special Agent Oso ## NaN ## [Amber Hood, Cam Clarke, Gary Anthony Williams, Meghan Strange, Phill Lewis, Sean Astin] ## United States, United Kingdom, South Korea ## May 14, 2021 ## 2009 ## TV-Y ## 2 Seasons ## [Action-Adventure, Animation, Kids] ## 
=> s1133 ## TV Show ## Spider-Man Unlimited ## NaN ## [Garry Chalk, Jim Byrnes, Kathleen Barr, Paul Dobson, Rino Romano] ## United States, Canada ## November 12, 2019 ## 1999 ## TV-Y7 ## 1 Season ## [Action-Adventure, Animation, Kids] ## 
=> s5 ## TV Show ## Spidey And His Amazing Friends ## NaN ## [Benjamin Valic, Dee Bradley Baker, Jakari Fraser, Lily Sanfelippo, Melanie Minichino] ## United States ## September 22, 2021 ## 2021 ## TV-Y ## 1 Season ## [Action-Adventure, Animation, Kids] ## 
=> s1136 ## TV Show ## Star Wars Rebels ## NaN ## [C1-10P a.k.a. Chopper, Freddie Prinze Jr., Steve Blum, Taylor Gray, Tiya Sircar, Vanessa Marshall] ## United States ## November 12, 2019 ## 2014 ## TV-Y7 ## 4 Seasons ## [Action-Adventure, Animation, Kids] ## 
=> s1137 ## TV Show ## Star Wars Rebels (Shorts) ## NaN ## [] ## NaN ## November 12, 2019 ## 2014 ## TV-Y7 ## 1 Season ## [Action-Adventure, Animation, Kids] ## 
=> s183 ## TV Show ## Star Wars Vintage: Clone Wars 2D Micro-Series ## NaN ## [André Sogliuzzo, Corey Burton, Grey DeLisle, James Arnold Taylor, Mat Lucas, Tom Kane] ## NaN ## April 2, 2021 ## 2021 ## TV-Y7-FV ## 1 Season ## [Series] ## 
=> s624 ## TV Show ## Supercar Megabuild ## NaN ## [Dom Joly] ## United States ## December 1, 2019 ## 2016 ## TV-PG ## 2 Seasons ## [Buddy, Docuseries, Lifestyle] ## 
=> s1155 ## TV Show ## TaleSpin ## NaN ## [Alan Roberts, Charlie Adler, Chuck McCann, Ed Gilbert, Jim Cummings, Sally Struthers] ## United States ## November 12, 2019 ## 1990 ## TV-G ## 1 Season ## [Action-Adventure, Animation, Kids] ## 
=> s481 ## TV Show ## Tangled: The Series ## NaN ## [Clancy Brown, Eden Espinosa, Mandy Moore, Zachary Levi] ## United States ## April 23, 2020 ## 2016 ## TV-Y7 ## 3 Seasons ## [Action-Adventure, Animation, Comedy] ## 
=> s1178 ## TV Show ## The Avengers: United They Stand ## NaN ## [Hamish McEwan, Lenore Zann, Lynda Ballantyne, Martin Roach, Rod Wilson, Ron Rubin] ## France, Canada, United States ## November 12, 2019 ## 1999 ## TV-Y7 ## 1 Season ## [Action-Adventure, Animation, Kids] ## 
=> s150 ## TV Show ## The Bad Batch ## NaN ## [Dee Bradley Baker] ## NaN ## May 4, 2021 ## 2021 ## TV-PG ## 1 Season ## [Action-Adventure, Animation, Science Fiction] ## 
=> s1186 ## TV Show ## The Book of Once Upon a Time ## NaN ## [Kate Mulvany] ## NaN ## November 12, 2019 ## 2014 ## TV-Y ## 4 Seasons ## [Animation, Anthology, Kids] ## 
=> s438 ## TV Show ## The Greeks ## NaN ## [Toby Moore] ## United States ## June 5, 2020 ## 2016 ## TV-PG ## 1 Season ## [Docuseries, Historical] ## 
=> s217 ## TV Show ## The Muppet Show ## NaN ## [Dave Goelz, Eren Ozker, Frank Oz, Jim Henson, John Lovelady, Richard Hunt] ## United States, United Kingdom ## February 19, 2021 ## 1976 ## TV-PG ## 5 Seasons ## [Comedy, Family, Variety] ## 
=> s103 ## TV Show ## The Mysterious Benedict Society ## NaN ## [Emmy DeOliveira, Kristen Schaal, Marta Kessler, Mystic Inscho, Seth Carr, Tony Hale] ## United States ## June 25, 2021 ## 2021 ## TV-PG ## 1 Season ## [Action-Adventure, Family] ## 
=> s1253 ## TV Show ## The Replacements ## NaN ## [Daran Norris, David McCallum, Grey DeLisle, Jeff Bennett, Kath Soucie, Nancy Cartwright] ## United States ## November 12, 2019 ## 2006 ## TV-G ## 1 Season ## [Animation, Comedy, Family] ## 
=> s1270 ## TV Show ## The Suite Life of Zack & Cody ## NaN ## [Ashley Tisdale, Brenda Song, Cole Sprouse, Dylan Sprouse, Kim Rhodes, Phill Lewis] ## United States ## November 12, 2019 ## 2004 ## TV-G ## 3 Seasons ## [Action-Adventure, Comedy, Coming of Age] ## 
=> s1296 ## TV Show ## Timon & Pumbaa ## NaN ## [Ernie Sabella, Jim Cummings, Nathan Lane, Quinton Flynn] ## United States ## November 12, 2019 ## 1995 ## TV-Y ## 3 Seasons ## [Animation, Buddy, Comedy] ## 
=> s63 ## TV Show ## Turning the Tables with Robin Roberts ## NaN ## [Robin Roberts] ## NaN ## July 28, 2021 ## 2021 ## TV-PG ## 1 Season ## [Talk Show] ## 
=> s492 ## TV Show ## Tut's Treasures: Hidden Secrets ## NaN ## [Mark Bazeley] ## United Kingdom ## April 10, 2020 ## 2018 ## TV-PG ## 1 Season ## [Docuseries, Historical] ## 
=> s233 ## TV Show ## WandaVision ## NaN ## [Elizabeth Olsen, Kat Dennings, Kathryn Hahn, Paul Bettany, Randall Park, Teyonah Parris] ## United States ## January 15, 2021 ## 2021 ## TV-14 ## 1 Season ## [Drama, Fantasy, Mystery] ## 
=> s92 ## TV Show ## When Sharks Attack ## NaN ## [Eric Meyers] ## United States ## July 9, 2021 ## 2013 ## TV-14 ## 7 Seasons ## [Reality] ## 
=> s225 ## TV Show ## Wicked Tuna: Outer Banks ## NaN ## [Bill Ratner] ## NaN ## February 5, 2021 ## 2013 ## TV-14 ## 7 Seasons ## [Animals & Nature, Docuseries, Family] ## 
=> s389 ## TV Show ## Wild Sri Lanka ## NaN ## [Paul McGann] ## United Kingdom ## July 24, 2020 ## 2016 ## TV-PG ## 1 Season ## [Animals & Nature, Docuseries] ## 
=> s299 ## TV Show ## X-Ray Earth ## NaN ## [] ## United States ## October 30, 2020 ## 2020 ## TV-PG ## 1 Season ## [Animals & Nature, Docuseries, Reality] ## 
